#
# There is insufficient memory for the Java Runtime Environment to continue.
# Native memory allocation (malloc) failed to allocate 1759216 bytes for Chunk::new
# Possible reasons:
#   The system is out of physical RAM or swap space
#   The process is running with CompressedOops enabled, and the Java Heap may be blocking the growth of the native heap
# Possible solutions:
#   Reduce memory load on the system
#   Increase physical memory or swap space
#   Check if swap backing store is full
#   Decrease Java heap size (-Xmx/-Xms)
#   Decrease number of Java threads
#   Decrease Java thread stack sizes (-Xss)
#   Set larger code cache with -XX:ReservedCodeCacheSize=
#   JVM is running with Unscaled Compressed Oops mode in which the Java heap is
#     placed in the first 4GB address space. The Java Heap base address is the
#     maximum limit for the native heap growth. Please use -XX:HeapBaseMinAddress
#     to set the Java Heap base and to place the Java Heap above 4GB virtual address.
# This output file may be truncated or incomplete.
#
#  Out of Memory Error (arena.cpp:189), pid=14288, tid=12556
#
# JRE version: OpenJDK Runtime Environment (17.0.6) (build 17.0.6+0-b2043.56-10027231)
# Java VM: OpenJDK 64-Bit Server VM (17.0.6+0-b2043.56-10027231, mixed mode, tiered, compressed oops, compressed class ptrs, g1 gc, windows-amd64)
# No core dump will be written. Minidumps are not enabled by default on client versions of Windows
#

---------------  S U M M A R Y ------------

Command Line: --add-opens=java.base/java.util=ALL-UNNAMED --add-opens=java.base/java.lang=ALL-UNNAMED --add-opens=java.base/java.lang.invoke=ALL-UNNAMED --add-opens=java.prefs/java.util.prefs=ALL-UNNAMED --add-opens=java.base/java.nio.charset=ALL-UNNAMED --add-opens=java.base/java.net=ALL-UNNAMED --add-opens=java.base/java.util.concurrent.atomic=ALL-UNNAMED -Xmx2048m -Dfile.encoding=UTF-8 -Duser.country=RU -Duser.language=ru -Duser.variant org.gradle.launcher.daemon.bootstrap.GradleDaemon 8.0

Host: AMD Ryzen 5 3500U with Radeon Vega Mobile Gfx  , 8 cores, 6G,  Windows 11 , 64 bit Build 22621 (10.0.22621.2506)
Time: Sat Feb 24 20:09:22 2024 RTZ 2 (s 11 , 64 bit Build 22621 (10.0.22621.2506) elapsed time: 29.215238 seconds (0d 0h 0m 29s)

---------------  T H R E A D  ---------------

Current thread (0x00000202ff81fbd0):  JavaThread "C2 CompilerThread0" daemon [_thread_in_native, id=12556, stack(0x000000f66cc00000,0x000000f66cd00000)]


Current CompileTask:
C2:  29215 7879       4       org.objectweb.asm.Frame::execute (2318 bytes)

Stack: [0x000000f66cc00000,0x000000f66cd00000]
Native frames: (J=compiled Java code, j=interpreted, Vv=VM code, C=native code)
V  [jvm.dll+0x683c9a]
V  [jvm.dll+0x8427a4]
V  [jvm.dll+0x843f9e]
V  [jvm.dll+0x844603]
V  [jvm.dll+0x249b75]
V  [jvm.dll+0xabcac]
V  [jvm.dll+0xac27c]
V  [jvm.dll+0x368802]
V  [jvm.dll+0x332f31]
V  [jvm.dll+0x3323da]
V  [jvm.dll+0x21c201]
V  [jvm.dll+0x21b621]
V  [jvm.dll+0x1a4fdd]
V  [jvm.dll+0x22b098]
V  [jvm.dll+0x229159]
V  [jvm.dll+0x7f81ec]
V  [jvm.dll+0x7f274a]
V  [jvm.dll+0x682ad5]
C  [ucrtbase.dll+0x29363]
C  [KERNEL32.DLL+0x1257d]
C  [ntdll.dll+0x5aa58]


---------------  P R O C E S S  ---------------

Threads class SMR info:
_java_thread_list=0x0000020297eb8dc0, length=42, elements={
0x00000202f9e8d240, 0x00000202ff813260, 0x00000202fecb6190, 0x00000202fecf3550,
0x00000202fecf4010, 0x00000202ff81e580, 0x00000202ff81ee40, 0x00000202ff81fbd0,
0x00000202ff820a80, 0x00000202ff859060, 0x00000202ff9c7880, 0x00000202ff9e00f0,
0x00000202953f8100, 0x00000202953f50e0, 0x00000202953f7290, 0x00000202953f4740,
0x00000202953f6dc0, 0x00000202953f7c30, 0x00000202953f7760, 0x00000202953f5f50,
0x00000202953f6420, 0x00000202953f4c10, 0x00000202953f55b0, 0x00000202953f5a80,
0x00000202953f68f0, 0x00000202978e7860, 0x00000202978ed3d0, 0x00000202978e7d30,
0x00000202978e9070, 0x00000202978edd70, 0x00000202978e86d0, 0x00000202978e9540,
0x00000202978ea880, 0x00000202978e8ba0, 0x00000202978ead50, 0x00000202978ee710,
0x00000202978e9a10, 0x00000202978eb6f0, 0x00000202978ed8a0, 0x00000202978eebe0,
0x00000202978e9ee0, 0x00000202978e7390
}

Java Threads: ( => current thread )
  0x00000202f9e8d240 JavaThread "main" [_thread_blocked, id=8792, stack(0x000000f66bf00000,0x000000f66c000000)]
  0x00000202ff813260 JavaThread "Reference Handler" daemon [_thread_blocked, id=15420, stack(0x000000f66c600000,0x000000f66c700000)]
  0x00000202fecb6190 JavaThread "Finalizer" daemon [_thread_blocked, id=28056, stack(0x000000f66c700000,0x000000f66c800000)]
  0x00000202fecf3550 JavaThread "Signal Dispatcher" daemon [_thread_blocked, id=14540, stack(0x000000f66c800000,0x000000f66c900000)]
  0x00000202fecf4010 JavaThread "Attach Listener" daemon [_thread_blocked, id=12560, stack(0x000000f66c900000,0x000000f66ca00000)]
  0x00000202ff81e580 JavaThread "Service Thread" daemon [_thread_blocked, id=19404, stack(0x000000f66ca00000,0x000000f66cb00000)]
  0x00000202ff81ee40 JavaThread "Monitor Deflation Thread" daemon [_thread_blocked, id=21524, stack(0x000000f66cb00000,0x000000f66cc00000)]
=>0x00000202ff81fbd0 JavaThread "C2 CompilerThread0" daemon [_thread_in_native, id=12556, stack(0x000000f66cc00000,0x000000f66cd00000)]
  0x00000202ff820a80 JavaThread "C1 CompilerThread0" daemon [_thread_in_native, id=6188, stack(0x000000f66cd00000,0x000000f66ce00000)]
  0x00000202ff859060 JavaThread "Sweeper thread" daemon [_thread_blocked, id=19484, stack(0x000000f66ce00000,0x000000f66cf00000)]
  0x00000202ff9c7880 JavaThread "Common-Cleaner" daemon [_thread_blocked, id=31912, stack(0x000000f66cf00000,0x000000f66d000000)]
  0x00000202ff9e00f0 JavaThread "Notification Thread" daemon [_thread_blocked, id=1652, stack(0x000000f66d000000,0x000000f66d100000)]
  0x00000202953f8100 JavaThread "Daemon health stats" [_thread_blocked, id=7584, stack(0x000000f66d600000,0x000000f66d700000)]
  0x00000202953f50e0 JavaThread "Incoming local TCP Connector on port 40237" [_thread_in_native, id=26600, stack(0x000000f66d700000,0x000000f66d800000)]
  0x00000202953f7290 JavaThread "Daemon periodic checks" [_thread_blocked, id=28160, stack(0x000000f66d800000,0x000000f66d900000)]
  0x00000202953f4740 JavaThread "Daemon" [_thread_blocked, id=6416, stack(0x000000f66d900000,0x000000f66da00000)]
  0x00000202953f6dc0 JavaThread "Handler for socket connection from /127.0.0.1:40237 to /127.0.0.1:40238" [_thread_in_native, id=18444, stack(0x000000f66da00000,0x000000f66db00000)]
  0x00000202953f7c30 JavaThread "Cancel handler" [_thread_blocked, id=32140, stack(0x000000f66db00000,0x000000f66dc00000)]
  0x00000202953f7760 JavaThread "Daemon worker" [_thread_in_Java, id=26668, stack(0x000000f66dc00000,0x000000f66dd00000)]
  0x00000202953f5f50 JavaThread "Asynchronous log dispatcher for DefaultDaemonConnection: socket connection from /127.0.0.1:40237 to /127.0.0.1:40238" [_thread_blocked, id=33012, stack(0x000000f66dd00000,0x000000f66de00000)]
  0x00000202953f6420 JavaThread "Stdin handler" [_thread_blocked, id=26020, stack(0x000000f66de00000,0x000000f66df00000)]
  0x00000202953f4c10 JavaThread "Daemon client event forwarder" [_thread_blocked, id=23624, stack(0x000000f66df00000,0x000000f66e000000)]
  0x00000202953f55b0 JavaThread "Cache worker for journal cache (C:\Users\Nikk0Nikk0Ni\.gradle\caches\journal-1)" [_thread_blocked, id=16792, stack(0x000000f66e400000,0x000000f66e500000)]
  0x00000202953f5a80 JavaThread "File lock request listener" [_thread_in_native, id=4900, stack(0x000000f66e500000,0x000000f66e600000)]
  0x00000202953f68f0 JavaThread "Cache worker for file hash cache (C:\Users\Nikk0Nikk0Ni\.gradle\caches\8.0\fileHashes)" [_thread_blocked, id=1648, stack(0x000000f66e600000,0x000000f66e700000)]
  0x00000202978e7860 JavaThread "File watcher server" daemon [_thread_in_native, id=26104, stack(0x000000f66e700000,0x000000f66e800000)]
  0x00000202978ed3d0 JavaThread "File watcher consumer" daemon [_thread_blocked, id=31556, stack(0x000000f66e800000,0x000000f66e900000)]
  0x00000202978e7d30 JavaThread "jar transforms" [_thread_blocked, id=30556, stack(0x000000f66e900000,0x000000f66ea00000)]
  0x00000202978e9070 JavaThread "jar transforms Thread 2" [_thread_blocked, id=15888, stack(0x000000f66ea00000,0x000000f66eb00000)]
  0x00000202978edd70 JavaThread "jar transforms Thread 3" [_thread_blocked, id=2652, stack(0x000000f66eb00000,0x000000f66ec00000)]
  0x00000202978e86d0 JavaThread "jar transforms Thread 4" [_thread_blocked, id=1556, stack(0x000000f66ec00000,0x000000f66ed00000)]
  0x00000202978e9540 JavaThread "jar transforms Thread 5" [_thread_blocked, id=25080, stack(0x000000f66ed00000,0x000000f66ee00000)]
  0x00000202978ea880 JavaThread "jar transforms Thread 6" [_thread_blocked, id=33060, stack(0x000000f66ee00000,0x000000f66ef00000)]
  0x00000202978e8ba0 JavaThread "jar transforms Thread 7" [_thread_blocked, id=22472, stack(0x000000f66ef00000,0x000000f66f000000)]
  0x00000202978ead50 JavaThread "jar transforms Thread 8" [_thread_blocked, id=3404, stack(0x000000f66f000000,0x000000f66f100000)]
  0x00000202978ee710 JavaThread "Cache worker for checksums cache (D:\KOTLIN_PROJECTS\CryptoApp\.gradle\8.0\checksums)" [_thread_blocked, id=33028, stack(0x000000f66f100000,0x000000f66f200000)]
  0x00000202978e9a10 JavaThread "Cache worker for cache directory md-rule (C:\Users\Nikk0Nikk0Ni\.gradle\caches\8.0\md-rule)" [_thread_blocked, id=30052, stack(0x000000f66f200000,0x000000f66f300000)]
  0x00000202978eb6f0 JavaThread "Cache worker for file content cache (C:\Users\Nikk0Nikk0Ni\.gradle\caches\8.0\fileContent)" [_thread_blocked, id=14304, stack(0x000000f66f300000,0x000000f66f400000)]
  0x00000202978ed8a0 JavaThread "Cache worker for file hash cache (D:\KOTLIN_PROJECTS\CryptoApp\.gradle\8.0\fileHashes)" [_thread_blocked, id=22988, stack(0x000000f66f400000,0x000000f66f500000)]
  0x00000202978eebe0 JavaThread "Cache worker for cache directory md-supplier (C:\Users\Nikk0Nikk0Ni\.gradle\caches\8.0\md-supplier)" [_thread_blocked, id=13588, stack(0x000000f66f500000,0x000000f66f600000)]
  0x00000202978e9ee0 JavaThread "Cache worker for execution history cache (C:\Users\Nikk0Nikk0Ni\.gradle\caches\8.0\executionHistory)" [_thread_blocked, id=18944, stack(0x000000f66f600000,0x000000f66f700000)]
  0x00000202978e7390 JavaThread "Cache worker for kotlin-dsl (C:\Users\Nikk0Nikk0Ni\.gradle\caches\8.0\kotlin-dsl)" [_thread_blocked, id=18648, stack(0x000000f66f700000,0x000000f66f800000)]

Other Threads:
  0x00000202fecb4660 VMThread "VM Thread" [stack: 0x000000f66c500000,0x000000f66c600000] [id=27264]
  0x00000202ff9c5550 WatcherThread [stack: 0x000000f66d100000,0x000000f66d200000] [id=33752]
  0x00000202f9ee9220 GCTaskThread "GC Thread#0" [stack: 0x000000f66c000000,0x000000f66c100000] [id=29196]
  0x000002029570fa70 GCTaskThread "GC Thread#1" [stack: 0x000000f66d200000,0x000000f66d300000] [id=9728]
  0x00000202952ba170 GCTaskThread "GC Thread#2" [stack: 0x000000f66d300000,0x000000f66d400000] [id=17424]
  0x00000202ffbfea40 GCTaskThread "GC Thread#3" [stack: 0x000000f66d400000,0x000000f66d500000] [id=17300]
  0x0000020296437c20 GCTaskThread "GC Thread#4" [stack: 0x000000f66d500000,0x000000f66d600000] [id=30356]
  0x000002029767dcf0 GCTaskThread "GC Thread#5" [stack: 0x000000f66e000000,0x000000f66e100000] [id=33124]
  0x0000020297044460 GCTaskThread "GC Thread#6" [stack: 0x000000f66e100000,0x000000f66e200000] [id=31444]
  0x00000202967c5460 GCTaskThread "GC Thread#7" [stack: 0x000000f66e200000,0x000000f66e300000] [id=29980]
  0x00000202f9efa160 ConcurrentGCThread "G1 Main Marker" [stack: 0x000000f66c100000,0x000000f66c200000] [id=28532]
  0x00000202f9efb310 ConcurrentGCThread "G1 Conc#0" [stack: 0x000000f66c200000,0x000000f66c300000] [id=23456]
  0x00000202961d6ab0 ConcurrentGCThread "G1 Conc#1" [stack: 0x000000f66e300000,0x000000f66e400000] [id=13776]
  0x00000202feb224b0 ConcurrentGCThread "G1 Refine#0" [stack: 0x000000f66c300000,0x000000f66c400000] [id=33184]
  0x000002029724a390 ConcurrentGCThread "G1 Refine#1" [stack: 0x000000f66f800000,0x000000f66f900000] [id=23332]
  0x000002029724a950 ConcurrentGCThread "G1 Refine#2" [stack: 0x000000f66f900000,0x000000f66fa00000] [id=23292]
  0x000002029c56c7c0 ConcurrentGCThread "G1 Refine#3" [stack: 0x000000f66fa00000,0x000000f66fb00000] [id=4844]
  0x000002029c56caa0 ConcurrentGCThread "G1 Refine#4" [stack: 0x000000f66fb00000,0x000000f66fc00000] [id=9256]
  0x000002029c56cd80 ConcurrentGCThread "G1 Refine#5" [stack: 0x000000f66fc00000,0x000000f66fd00000] [id=19588]
  0x000002029c56d340 ConcurrentGCThread "G1 Refine#6" [stack: 0x000000f66fd00000,0x000000f66fe00000] [id=13600]
  0x00000202f9f4df30 ConcurrentGCThread "G1 Service" [stack: 0x000000f66c400000,0x000000f66c500000] [id=32408]

Threads with active compile tasks:
C2 CompilerThread0    29287 7879       4       org.objectweb.asm.Frame::execute (2318 bytes)
C1 CompilerThread0    29287 8113       2       org.jetbrains.kotlin.descriptors.impl.ValueParameterDescriptorImpl::<init> (94 bytes)

VM state: not at safepoint (normal execution)

VM Mutex/Monitor currently owned by a thread: None

Heap address: 0x0000000080000000, size: 2048 MB, Compressed Oops mode: 32-bit

CDS archive(s) not mapped
Compressed class space mapped at: 0x0000000100000000-0x0000000140000000, reserved size: 1073741824
Narrow klass base: 0x0000000000000000, Narrow klass shift: 3, Narrow klass range: 0x140000000

GC Precious Log:
 CPUs: 8 total, 8 available
 Memory: 7103M
 Large Page Support: Disabled
 NUMA Support: Disabled
 Compressed Oops: Enabled (32-bit)
 Heap Region Size: 1M
 Heap Min Capacity: 8M
 Heap Initial Capacity: 112M
 Heap Max Capacity: 2G
 Pre-touch: Disabled
 Parallel Workers: 8
 Concurrent Workers: 2
 Concurrent Refinement Workers: 8
 Periodic GC: Disabled

Heap:
 garbage-first heap   total 207872K, used 141610K [0x0000000080000000, 0x0000000100000000)
  region size 1024K, 30 young (30720K), 6 survivors (6144K)
 Metaspace       used 108665K, committed 109312K, reserved 1146880K
  class space    used 13998K, committed 14272K, reserved 1048576K

Heap Regions: E=young(eden), S=young(survivor), O=old, HS=humongous(starts), HC=humongous(continues), CS=collection set, F=free, OA=open archive, CA=closed archive, TAMS=top-at-mark-start (previous, next)
|   0|0x0000000080000000, 0x0000000080100000, 0x0000000080100000|100%|HS|  |TAMS 0x0000000080100000, 0x0000000080100000| Complete 
|   1|0x0000000080100000, 0x0000000080200000, 0x0000000080200000|100%|HC|  |TAMS 0x0000000080200000, 0x0000000080200000| Complete 
|   2|0x0000000080200000, 0x0000000080300000, 0x0000000080300000|100%|HC|  |TAMS 0x0000000080300000, 0x0000000080300000| Complete 
|   3|0x0000000080300000, 0x0000000080400000, 0x0000000080400000|100%|HC|  |TAMS 0x0000000080400000, 0x0000000080400000| Complete 
|   4|0x0000000080400000, 0x0000000080500000, 0x0000000080500000|100%| O|  |TAMS 0x0000000080500000, 0x0000000080500000| Untracked 
|   5|0x0000000080500000, 0x0000000080600000, 0x0000000080600000|100%| O|  |TAMS 0x0000000080600000, 0x0000000080600000| Untracked 
|   6|0x0000000080600000, 0x0000000080700000, 0x0000000080700000|100%| O|  |TAMS 0x0000000080700000, 0x0000000080700000| Untracked 
|   7|0x0000000080700000, 0x0000000080800000, 0x0000000080800000|100%| O|  |TAMS 0x0000000080800000, 0x0000000080800000| Untracked 
|   8|0x0000000080800000, 0x0000000080900000, 0x0000000080900000|100%| O|  |TAMS 0x0000000080900000, 0x0000000080900000| Untracked 
|   9|0x0000000080900000, 0x0000000080a00000, 0x0000000080a00000|100%| O|  |TAMS 0x0000000080a00000, 0x0000000080a00000| Untracked 
|  10|0x0000000080a00000, 0x0000000080b00000, 0x0000000080b00000|100%| O|  |TAMS 0x0000000080b00000, 0x0000000080b00000| Untracked 
|  11|0x0000000080b00000, 0x0000000080c00000, 0x0000000080c00000|100%| O|  |TAMS 0x0000000080c00000, 0x0000000080c00000| Untracked 
|  12|0x0000000080c00000, 0x0000000080d00000, 0x0000000080d00000|100%| O|  |TAMS 0x0000000080d00000, 0x0000000080d00000| Untracked 
|  13|0x0000000080d00000, 0x0000000080e00000, 0x0000000080e00000|100%| O|  |TAMS 0x0000000080e00000, 0x0000000080e00000| Untracked 
|  14|0x0000000080e00000, 0x0000000080f00000, 0x0000000080f00000|100%| O|  |TAMS 0x0000000080f00000, 0x0000000080f00000| Untracked 
|  15|0x0000000080f00000, 0x0000000081000000, 0x0000000081000000|100%| O|  |TAMS 0x0000000081000000, 0x0000000081000000| Untracked 
|  16|0x0000000081000000, 0x0000000081100000, 0x0000000081100000|100%| O|  |TAMS 0x0000000081100000, 0x0000000081100000| Untracked 
|  17|0x0000000081100000, 0x0000000081200000, 0x0000000081200000|100%| O|  |TAMS 0x0000000081200000, 0x0000000081200000| Untracked 
|  18|0x0000000081200000, 0x0000000081300000, 0x0000000081300000|100%| O|  |TAMS 0x0000000081300000, 0x0000000081300000| Untracked 
|  19|0x0000000081300000, 0x0000000081400000, 0x0000000081400000|100%| O|  |TAMS 0x0000000081400000, 0x0000000081400000| Untracked 
|  20|0x0000000081400000, 0x0000000081500000, 0x0000000081500000|100%| O|  |TAMS 0x0000000081500000, 0x0000000081500000| Untracked 
|  21|0x0000000081500000, 0x0000000081600000, 0x0000000081600000|100%|HS|  |TAMS 0x0000000081600000, 0x0000000081600000| Complete 
|  22|0x0000000081600000, 0x0000000081700000, 0x0000000081700000|100%|HC|  |TAMS 0x0000000081700000, 0x0000000081700000| Complete 
|  23|0x0000000081700000, 0x0000000081800000, 0x0000000081800000|100%|HS|  |TAMS 0x0000000081800000, 0x0000000081800000| Complete 
|  24|0x0000000081800000, 0x0000000081900000, 0x0000000081900000|100%|HC|  |TAMS 0x0000000081900000, 0x0000000081900000| Complete 
|  25|0x0000000081900000, 0x0000000081a00000, 0x0000000081a00000|100%|HC|  |TAMS 0x0000000081a00000, 0x0000000081a00000| Complete 
|  26|0x0000000081a00000, 0x0000000081b00000, 0x0000000081b00000|100%|HS|  |TAMS 0x0000000081b00000, 0x0000000081b00000| Complete 
|  27|0x0000000081b00000, 0x0000000081c00000, 0x0000000081c00000|100%|HC|  |TAMS 0x0000000081c00000, 0x0000000081c00000| Complete 
|  28|0x0000000081c00000, 0x0000000081d00000, 0x0000000081d00000|100%|HC|  |TAMS 0x0000000081d00000, 0x0000000081d00000| Complete 
|  29|0x0000000081d00000, 0x0000000081e00000, 0x0000000081e00000|100%| O|  |TAMS 0x0000000081e00000, 0x0000000081e00000| Untracked 
|  30|0x0000000081e00000, 0x0000000081f00000, 0x0000000081f00000|100%| O|  |TAMS 0x0000000081f00000, 0x0000000081f00000| Untracked 
|  31|0x0000000081f00000, 0x0000000082000000, 0x0000000082000000|100%| O|  |TAMS 0x0000000082000000, 0x0000000082000000| Untracked 
|  32|0x0000000082000000, 0x0000000082100000, 0x0000000082100000|100%|HS|  |TAMS 0x0000000082100000, 0x0000000082100000| Complete 
|  33|0x0000000082100000, 0x0000000082200000, 0x0000000082200000|100%|HC|  |TAMS 0x0000000082200000, 0x0000000082200000| Complete 
|  34|0x0000000082200000, 0x0000000082300000, 0x0000000082300000|100%| O|  |TAMS 0x0000000082300000, 0x0000000082300000| Untracked 
|  35|0x0000000082300000, 0x0000000082400000, 0x0000000082400000|100%| O|  |TAMS 0x0000000082400000, 0x0000000082400000| Untracked 
|  36|0x0000000082400000, 0x0000000082500000, 0x0000000082500000|100%| O|  |TAMS 0x0000000082500000, 0x0000000082500000| Untracked 
|  37|0x0000000082500000, 0x0000000082600000, 0x0000000082600000|100%| O|  |TAMS 0x0000000082600000, 0x0000000082600000| Untracked 
|  38|0x0000000082600000, 0x0000000082700000, 0x0000000082700000|100%| O|  |TAMS 0x0000000082700000, 0x0000000082700000| Untracked 
|  39|0x0000000082700000, 0x0000000082800000, 0x0000000082800000|100%| O|  |TAMS 0x0000000082800000, 0x0000000082800000| Untracked 
|  40|0x0000000082800000, 0x0000000082900000, 0x0000000082900000|100%| O|  |TAMS 0x0000000082900000, 0x0000000082900000| Untracked 
|  41|0x0000000082900000, 0x0000000082a00000, 0x0000000082a00000|100%|HS|  |TAMS 0x0000000082a00000, 0x0000000082a00000| Complete 
|  42|0x0000000082a00000, 0x0000000082b00000, 0x0000000082b00000|100%|HC|  |TAMS 0x0000000082b00000, 0x0000000082b00000| Complete 
|  43|0x0000000082b00000, 0x0000000082c00000, 0x0000000082c00000|100%|HC|  |TAMS 0x0000000082c00000, 0x0000000082c00000| Complete 
|  44|0x0000000082c00000, 0x0000000082d00000, 0x0000000082d00000|100%|HC|  |TAMS 0x0000000082d00000, 0x0000000082d00000| Complete 
|  45|0x0000000082d00000, 0x0000000082e00000, 0x0000000082e00000|100%|HC|  |TAMS 0x0000000082e00000, 0x0000000082e00000| Complete 
|  46|0x0000000082e00000, 0x0000000082f00000, 0x0000000082f00000|100%|HC|  |TAMS 0x0000000082f00000, 0x0000000082f00000| Complete 
|  47|0x0000000082f00000, 0x0000000083000000, 0x0000000083000000|100%|HC|  |TAMS 0x0000000083000000, 0x0000000083000000| Complete 
|  48|0x0000000083000000, 0x0000000083100000, 0x0000000083100000|100%|HC|  |TAMS 0x0000000083100000, 0x0000000083100000| Complete 
|  49|0x0000000083100000, 0x0000000083200000, 0x0000000083200000|100%|HC|  |TAMS 0x0000000083200000, 0x0000000083200000| Complete 
|  50|0x0000000083200000, 0x0000000083300000, 0x0000000083300000|100%|HC|  |TAMS 0x0000000083300000, 0x0000000083300000| Complete 
|  51|0x0000000083300000, 0x0000000083400000, 0x0000000083400000|100%|HC|  |TAMS 0x0000000083400000, 0x0000000083400000| Complete 
|  52|0x0000000083400000, 0x0000000083500000, 0x0000000083500000|100%|HC|  |TAMS 0x0000000083500000, 0x0000000083500000| Complete 
|  53|0x0000000083500000, 0x0000000083600000, 0x0000000083600000|100%| O|  |TAMS 0x0000000083600000, 0x0000000083600000| Untracked 
|  54|0x0000000083600000, 0x0000000083700000, 0x0000000083700000|100%| O|  |TAMS 0x0000000083700000, 0x0000000083700000| Untracked 
|  55|0x0000000083700000, 0x0000000083800000, 0x0000000083800000|100%|HS|  |TAMS 0x0000000083800000, 0x0000000083800000| Complete 
|  56|0x0000000083800000, 0x0000000083900000, 0x0000000083900000|100%|HC|  |TAMS 0x0000000083900000, 0x0000000083900000| Complete 
|  57|0x0000000083900000, 0x0000000083a00000, 0x0000000083a00000|100%|HC|  |TAMS 0x0000000083a00000, 0x0000000083a00000| Complete 
|  58|0x0000000083a00000, 0x0000000083b00000, 0x0000000083b00000|100%|HS|  |TAMS 0x0000000083b00000, 0x0000000083b00000| Complete 
|  59|0x0000000083b00000, 0x0000000083c00000, 0x0000000083c00000|100%|HC|  |TAMS 0x0000000083c00000, 0x0000000083c00000| Complete 
|  60|0x0000000083c00000, 0x0000000083d00000, 0x0000000083d00000|100%|HC|  |TAMS 0x0000000083d00000, 0x0000000083d00000| Complete 
|  61|0x0000000083d00000, 0x0000000083e00000, 0x0000000083e00000|100%| O|  |TAMS 0x0000000083e00000, 0x0000000083e00000| Untracked 
|  62|0x0000000083e00000, 0x0000000083f00000, 0x0000000083f00000|100%| O|  |TAMS 0x0000000083f00000, 0x0000000083f00000| Untracked 
|  63|0x0000000083f00000, 0x0000000084000000, 0x0000000084000000|100%| O|  |TAMS 0x0000000084000000, 0x0000000084000000| Untracked 
|  64|0x0000000084000000, 0x0000000084100000, 0x0000000084100000|100%| O|  |TAMS 0x0000000084100000, 0x0000000084100000| Untracked 
|  65|0x0000000084100000, 0x0000000084200000, 0x0000000084200000|100%| O|  |TAMS 0x0000000084200000, 0x0000000084200000| Untracked 
|  66|0x0000000084200000, 0x0000000084300000, 0x0000000084300000|100%| O|  |TAMS 0x0000000084300000, 0x0000000084300000| Untracked 
|  67|0x0000000084300000, 0x0000000084400000, 0x0000000084400000|100%| O|  |TAMS 0x0000000084400000, 0x0000000084400000| Untracked 
|  68|0x0000000084400000, 0x0000000084500000, 0x0000000084500000|100%|HS|  |TAMS 0x0000000084500000, 0x0000000084500000| Complete 
|  69|0x0000000084500000, 0x0000000084600000, 0x0000000084600000|100%|HC|  |TAMS 0x0000000084600000, 0x0000000084600000| Complete 
|  70|0x0000000084600000, 0x0000000084700000, 0x0000000084700000|100%|HC|  |TAMS 0x0000000084700000, 0x0000000084700000| Complete 
|  71|0x0000000084700000, 0x0000000084800000, 0x0000000084800000|100%|HC|  |TAMS 0x0000000084800000, 0x0000000084800000| Complete 
|  72|0x0000000084800000, 0x0000000084900000, 0x0000000084900000|100%| O|  |TAMS 0x0000000084900000, 0x0000000084900000| Untracked 
|  73|0x0000000084900000, 0x0000000084a00000, 0x0000000084a00000|100%| O|  |TAMS 0x0000000084a00000, 0x0000000084a00000| Untracked 
|  74|0x0000000084a00000, 0x0000000084b00000, 0x0000000084b00000|100%| O|  |TAMS 0x0000000084b00000, 0x0000000084b00000| Untracked 
|  75|0x0000000084b00000, 0x0000000084c00000, 0x0000000084c00000|100%| O|  |TAMS 0x0000000084c00000, 0x0000000084c00000| Untracked 
|  76|0x0000000084c00000, 0x0000000084d00000, 0x0000000084d00000|100%| O|  |TAMS 0x0000000084d00000, 0x0000000084d00000| Untracked 
|  77|0x0000000084d00000, 0x0000000084e00000, 0x0000000084e00000|100%| O|  |TAMS 0x0000000084e00000, 0x0000000084e00000| Untracked 
|  78|0x0000000084e00000, 0x0000000084f00000, 0x0000000084f00000|100%| O|  |TAMS 0x0000000084f00000, 0x0000000084f00000| Untracked 
|  79|0x0000000084f00000, 0x0000000085000000, 0x0000000085000000|100%| O|  |TAMS 0x0000000085000000, 0x0000000085000000| Untracked 
|  80|0x0000000085000000, 0x0000000085100000, 0x0000000085100000|100%| O|  |TAMS 0x0000000085100000, 0x0000000085100000| Untracked 
|  81|0x0000000085100000, 0x0000000085200000, 0x0000000085200000|100%| O|  |TAMS 0x0000000085200000, 0x0000000085200000| Untracked 
|  82|0x0000000085200000, 0x0000000085300000, 0x0000000085300000|100%| O|  |TAMS 0x0000000085300000, 0x0000000085300000| Untracked 
|  83|0x0000000085300000, 0x0000000085400000, 0x0000000085400000|100%| O|  |TAMS 0x0000000085400000, 0x0000000085400000| Untracked 
|  84|0x0000000085400000, 0x0000000085500000, 0x0000000085500000|100%| O|  |TAMS 0x0000000085500000, 0x0000000085500000| Untracked 
|  85|0x0000000085500000, 0x0000000085600000, 0x0000000085600000|100%|HS|  |TAMS 0x0000000085600000, 0x0000000085600000| Complete 
|  86|0x0000000085600000, 0x0000000085700000, 0x0000000085700000|100%|HC|  |TAMS 0x0000000085700000, 0x0000000085700000| Complete 
|  87|0x0000000085700000, 0x0000000085800000, 0x0000000085800000|100%|HC|  |TAMS 0x0000000085800000, 0x0000000085800000| Complete 
|  88|0x0000000085800000, 0x0000000085900000, 0x0000000085900000|100%|HC|  |TAMS 0x0000000085900000, 0x0000000085900000| Complete 
|  89|0x0000000085900000, 0x0000000085a00000, 0x0000000085a00000|100%|HC|  |TAMS 0x0000000085a00000, 0x0000000085a00000| Complete 
|  90|0x0000000085a00000, 0x0000000085b00000, 0x0000000085b00000|100%|HC|  |TAMS 0x0000000085b00000, 0x0000000085b00000| Complete 
|  91|0x0000000085b00000, 0x0000000085c00000, 0x0000000085c00000|100%| O|  |TAMS 0x0000000085c00000, 0x0000000085c00000| Untracked 
|  92|0x0000000085c00000, 0x0000000085d00000, 0x0000000085d00000|100%| O|  |TAMS 0x0000000085d00000, 0x0000000085d00000| Untracked 
|  93|0x0000000085d00000, 0x0000000085e00000, 0x0000000085e00000|100%| O|  |TAMS 0x0000000085e00000, 0x0000000085e00000| Untracked 
|  94|0x0000000085e00000, 0x0000000085f00000, 0x0000000085f00000|100%| O|  |TAMS 0x0000000085f00000, 0x0000000085f00000| Untracked 
|  95|0x0000000085f00000, 0x0000000085fffff8, 0x0000000086000000| 99%| O|  |TAMS 0x0000000085fffff8, 0x0000000085fffff8| Untracked 
|  96|0x0000000086000000, 0x0000000086100000, 0x0000000086100000|100%| O|  |TAMS 0x0000000086000000, 0x0000000086100000| Untracked 
|  97|0x0000000086100000, 0x0000000086200000, 0x0000000086200000|100%| O|  |TAMS 0x0000000086200000, 0x0000000086200000| Untracked 
|  98|0x0000000086200000, 0x0000000086300000, 0x0000000086300000|100%| O|  |TAMS 0x000000008629e600, 0x0000000086300000| Untracked 
|  99|0x0000000086300000, 0x0000000086400000, 0x0000000086400000|100%| O|  |TAMS 0x0000000086300000, 0x0000000086400000| Untracked 
| 100|0x0000000086400000, 0x0000000086500000, 0x0000000086500000|100%| O|  |TAMS 0x0000000086400000, 0x0000000086500000| Untracked 
| 101|0x0000000086500000, 0x0000000086600000, 0x0000000086600000|100%| O|  |TAMS 0x0000000086500000, 0x0000000086600000| Untracked 
| 102|0x0000000086600000, 0x0000000086700000, 0x0000000086700000|100%| O|  |TAMS 0x0000000086600000, 0x0000000086700000| Untracked 
| 103|0x0000000086700000, 0x0000000086800000, 0x0000000086800000|100%| O|  |TAMS 0x0000000086700000, 0x0000000086800000| Untracked 
| 104|0x0000000086800000, 0x0000000086900000, 0x0000000086900000|100%| O|  |TAMS 0x0000000086800000, 0x0000000086882000| Untracked 
| 105|0x0000000086900000, 0x0000000086a00000, 0x0000000086a00000|100%| O|  |TAMS 0x0000000086900000, 0x0000000086900000| Untracked 
| 106|0x0000000086a00000, 0x0000000086b00000, 0x0000000086b00000|100%| O|  |TAMS 0x0000000086a00000, 0x0000000086a00000| Untracked 
| 107|0x0000000086b00000, 0x0000000086c00000, 0x0000000086c00000|100%| O|  |TAMS 0x0000000086b00000, 0x0000000086b00000| Untracked 
| 108|0x0000000086c00000, 0x0000000086c59a00, 0x0000000086d00000| 35%| O|  |TAMS 0x0000000086c00000, 0x0000000086c00000| Untracked 
| 109|0x0000000086d00000, 0x0000000086e00000, 0x0000000086e00000|100%|HS|  |TAMS 0x0000000086d00000, 0x0000000086d00000| Complete 
| 110|0x0000000086e00000, 0x0000000086e00000, 0x0000000086f00000|  0%| F|  |TAMS 0x0000000086e00000, 0x0000000086e00000| Untracked 
| 111|0x0000000086f00000, 0x0000000086f00000, 0x0000000087000000|  0%| F|  |TAMS 0x0000000086f00000, 0x0000000086f00000| Untracked 
| 112|0x0000000087000000, 0x0000000087000000, 0x0000000087100000|  0%| F|  |TAMS 0x0000000087000000, 0x0000000087000000| Untracked 
| 113|0x0000000087100000, 0x0000000087100000, 0x0000000087200000|  0%| F|  |TAMS 0x0000000087100000, 0x0000000087100000| Untracked 
| 114|0x0000000087200000, 0x0000000087200000, 0x0000000087300000|  0%| F|  |TAMS 0x0000000087200000, 0x0000000087200000| Untracked 
| 115|0x0000000087300000, 0x0000000087300000, 0x0000000087400000|  0%| F|  |TAMS 0x0000000087300000, 0x0000000087300000| Untracked 
| 116|0x0000000087400000, 0x0000000087400000, 0x0000000087500000|  0%| F|  |TAMS 0x0000000087400000, 0x0000000087400000| Untracked 
| 117|0x0000000087500000, 0x0000000087500000, 0x0000000087600000|  0%| F|  |TAMS 0x0000000087500000, 0x0000000087500000| Untracked 
| 118|0x0000000087600000, 0x0000000087600000, 0x0000000087700000|  0%| F|  |TAMS 0x0000000087600000, 0x0000000087600000| Untracked 
| 119|0x0000000087700000, 0x0000000087700000, 0x0000000087800000|  0%| F|  |TAMS 0x0000000087700000, 0x0000000087700000| Untracked 
| 120|0x0000000087800000, 0x0000000087800000, 0x0000000087900000|  0%| F|  |TAMS 0x0000000087800000, 0x0000000087800000| Untracked 
| 121|0x0000000087900000, 0x0000000087900000, 0x0000000087a00000|  0%| F|  |TAMS 0x0000000087900000, 0x0000000087900000| Untracked 
| 122|0x0000000087a00000, 0x0000000087a00000, 0x0000000087b00000|  0%| F|  |TAMS 0x0000000087a00000, 0x0000000087a00000| Untracked 
| 123|0x0000000087b00000, 0x0000000087b00000, 0x0000000087c00000|  0%| F|  |TAMS 0x0000000087b00000, 0x0000000087b00000| Untracked 
| 124|0x0000000087c00000, 0x0000000087c00000, 0x0000000087d00000|  0%| F|  |TAMS 0x0000000087c00000, 0x0000000087c00000| Untracked 
| 125|0x0000000087d00000, 0x0000000087d00000, 0x0000000087e00000|  0%| F|  |TAMS 0x0000000087d00000, 0x0000000087d00000| Untracked 
| 126|0x0000000087e00000, 0x0000000087e00000, 0x0000000087f00000|  0%| F|  |TAMS 0x0000000087e00000, 0x0000000087e00000| Untracked 
| 127|0x0000000087f00000, 0x0000000087f00000, 0x0000000088000000|  0%| F|  |TAMS 0x0000000087f00000, 0x0000000087f00000| Untracked 
| 128|0x0000000088000000, 0x0000000088000000, 0x0000000088100000|  0%| F|  |TAMS 0x0000000088000000, 0x0000000088000000| Untracked 
| 129|0x0000000088100000, 0x0000000088100000, 0x0000000088200000|  0%| F|  |TAMS 0x0000000088100000, 0x0000000088100000| Untracked 
| 130|0x0000000088200000, 0x0000000088200000, 0x0000000088300000|  0%| F|  |TAMS 0x0000000088200000, 0x0000000088200000| Untracked 
| 131|0x0000000088300000, 0x0000000088300000, 0x0000000088400000|  0%| F|  |TAMS 0x0000000088300000, 0x0000000088300000| Untracked 
| 132|0x0000000088400000, 0x0000000088400000, 0x0000000088500000|  0%| F|  |TAMS 0x0000000088400000, 0x0000000088400000| Untracked 
| 133|0x0000000088500000, 0x0000000088500000, 0x0000000088600000|  0%| F|  |TAMS 0x0000000088500000, 0x0000000088500000| Untracked 
| 134|0x0000000088600000, 0x0000000088600000, 0x0000000088700000|  0%| F|  |TAMS 0x0000000088600000, 0x0000000088600000| Untracked 
| 135|0x0000000088700000, 0x0000000088700000, 0x0000000088800000|  0%| F|  |TAMS 0x0000000088700000, 0x0000000088700000| Untracked 
| 136|0x0000000088800000, 0x0000000088800000, 0x0000000088900000|  0%| F|  |TAMS 0x0000000088800000, 0x0000000088800000| Untracked 
| 137|0x0000000088900000, 0x0000000088900000, 0x0000000088a00000|  0%| F|  |TAMS 0x0000000088900000, 0x0000000088900000| Untracked 
| 138|0x0000000088a00000, 0x0000000088a00000, 0x0000000088b00000|  0%| F|  |TAMS 0x0000000088a00000, 0x0000000088a00000| Untracked 
| 139|0x0000000088b00000, 0x0000000088b00000, 0x0000000088c00000|  0%| F|  |TAMS 0x0000000088b00000, 0x0000000088b00000| Untracked 
| 140|0x0000000088c00000, 0x0000000088c00000, 0x0000000088d00000|  0%| F|  |TAMS 0x0000000088c00000, 0x0000000088c00000| Untracked 
| 141|0x0000000088d00000, 0x0000000088d00000, 0x0000000088e00000|  0%| F|  |TAMS 0x0000000088d00000, 0x0000000088d00000| Untracked 
| 142|0x0000000088e00000, 0x0000000088e00000, 0x0000000088f00000|  0%| F|  |TAMS 0x0000000088e00000, 0x0000000088e00000| Untracked 
| 143|0x0000000088f00000, 0x0000000088f00000, 0x0000000089000000|  0%| F|  |TAMS 0x0000000088f00000, 0x0000000088f00000| Untracked 
| 144|0x0000000089000000, 0x0000000089000000, 0x0000000089100000|  0%| F|  |TAMS 0x0000000089000000, 0x0000000089000000| Untracked 
| 145|0x0000000089100000, 0x0000000089100000, 0x0000000089200000|  0%| F|  |TAMS 0x0000000089100000, 0x0000000089100000| Untracked 
| 146|0x0000000089200000, 0x0000000089200000, 0x0000000089300000|  0%| F|  |TAMS 0x0000000089200000, 0x0000000089200000| Untracked 
| 147|0x0000000089300000, 0x0000000089300000, 0x0000000089400000|  0%| F|  |TAMS 0x0000000089300000, 0x0000000089300000| Untracked 
| 148|0x0000000089400000, 0x0000000089400000, 0x0000000089500000|  0%| F|  |TAMS 0x0000000089400000, 0x0000000089400000| Untracked 
| 149|0x0000000089500000, 0x0000000089500000, 0x0000000089600000|  0%| F|  |TAMS 0x0000000089500000, 0x0000000089500000| Untracked 
| 150|0x0000000089600000, 0x0000000089600000, 0x0000000089700000|  0%| F|  |TAMS 0x0000000089600000, 0x0000000089600000| Untracked 
| 151|0x0000000089700000, 0x00000000897f10e0, 0x0000000089800000| 94%| S|CS|TAMS 0x0000000089700000, 0x0000000089700000| Complete 
| 152|0x0000000089800000, 0x0000000089900000, 0x0000000089900000|100%| S|CS|TAMS 0x0000000089800000, 0x0000000089800000| Complete 
| 153|0x0000000089900000, 0x0000000089a00000, 0x0000000089a00000|100%| S|CS|TAMS 0x0000000089900000, 0x0000000089900000| Complete 
| 154|0x0000000089a00000, 0x0000000089b00000, 0x0000000089b00000|100%| S|CS|TAMS 0x0000000089a00000, 0x0000000089a00000| Complete 
| 155|0x0000000089b00000, 0x0000000089c00000, 0x0000000089c00000|100%| S|CS|TAMS 0x0000000089b00000, 0x0000000089b00000| Complete 
| 156|0x0000000089c00000, 0x0000000089d00000, 0x0000000089d00000|100%| S|CS|TAMS 0x0000000089c00000, 0x0000000089c00000| Complete 
| 157|0x0000000089d00000, 0x0000000089d00000, 0x0000000089e00000|  0%| F|  |TAMS 0x0000000089d00000, 0x0000000089d00000| Untracked 
| 158|0x0000000089e00000, 0x0000000089e00000, 0x0000000089f00000|  0%| F|  |TAMS 0x0000000089e00000, 0x0000000089e00000| Untracked 
| 159|0x0000000089f00000, 0x0000000089f00000, 0x000000008a000000|  0%| F|  |TAMS 0x0000000089f00000, 0x0000000089f00000| Untracked 
| 160|0x000000008a000000, 0x000000008a000000, 0x000000008a100000|  0%| F|  |TAMS 0x000000008a000000, 0x000000008a000000| Untracked 
| 161|0x000000008a100000, 0x000000008a100000, 0x000000008a200000|  0%| F|  |TAMS 0x000000008a100000, 0x000000008a100000| Untracked 
| 162|0x000000008a200000, 0x000000008a200000, 0x000000008a300000|  0%| F|  |TAMS 0x000000008a200000, 0x000000008a200000| Untracked 
| 163|0x000000008a300000, 0x000000008a300000, 0x000000008a400000|  0%| F|  |TAMS 0x000000008a300000, 0x000000008a300000| Untracked 
| 164|0x000000008a400000, 0x000000008a400000, 0x000000008a500000|  0%| F|  |TAMS 0x000000008a400000, 0x000000008a400000| Untracked 
| 165|0x000000008a500000, 0x000000008a500000, 0x000000008a600000|  0%| F|  |TAMS 0x000000008a500000, 0x000000008a500000| Untracked 
| 166|0x000000008a600000, 0x000000008a600000, 0x000000008a700000|  0%| F|  |TAMS 0x000000008a600000, 0x000000008a600000| Untracked 
| 167|0x000000008a700000, 0x000000008a700000, 0x000000008a800000|  0%| F|  |TAMS 0x000000008a700000, 0x000000008a700000| Untracked 
| 168|0x000000008a800000, 0x000000008a800000, 0x000000008a900000|  0%| F|  |TAMS 0x000000008a800000, 0x000000008a800000| Untracked 
| 169|0x000000008a900000, 0x000000008a900000, 0x000000008aa00000|  0%| F|  |TAMS 0x000000008a900000, 0x000000008a900000| Untracked 
| 170|0x000000008aa00000, 0x000000008aa00000, 0x000000008ab00000|  0%| F|  |TAMS 0x000000008aa00000, 0x000000008aa00000| Untracked 
| 171|0x000000008ab00000, 0x000000008ab00000, 0x000000008ac00000|  0%| F|  |TAMS 0x000000008ab00000, 0x000000008ab00000| Untracked 
| 172|0x000000008ac00000, 0x000000008ac00000, 0x000000008ad00000|  0%| F|  |TAMS 0x000000008ac00000, 0x000000008ac00000| Untracked 
| 173|0x000000008ad00000, 0x000000008ad00000, 0x000000008ae00000|  0%| F|  |TAMS 0x000000008ad00000, 0x000000008ad00000| Untracked 
| 174|0x000000008ae00000, 0x000000008ae00000, 0x000000008af00000|  0%| F|  |TAMS 0x000000008ae00000, 0x000000008ae00000| Untracked 
| 175|0x000000008af00000, 0x000000008af00000, 0x000000008b000000|  0%| F|  |TAMS 0x000000008af00000, 0x000000008af00000| Untracked 
| 176|0x000000008b000000, 0x000000008b000000, 0x000000008b100000|  0%| F|  |TAMS 0x000000008b000000, 0x000000008b000000| Untracked 
| 177|0x000000008b100000, 0x000000008b100000, 0x000000008b200000|  0%| F|  |TAMS 0x000000008b100000, 0x000000008b100000| Untracked 
| 178|0x000000008b200000, 0x000000008b200000, 0x000000008b300000|  0%| F|  |TAMS 0x000000008b200000, 0x000000008b200000| Untracked 
| 179|0x000000008b300000, 0x000000008b400000, 0x000000008b400000|100%| E|  |TAMS 0x000000008b300000, 0x000000008b300000| Complete 
| 180|0x000000008b400000, 0x000000008b500000, 0x000000008b500000|100%| E|CS|TAMS 0x000000008b400000, 0x000000008b400000| Complete 
| 181|0x000000008b500000, 0x000000008b600000, 0x000000008b600000|100%| E|CS|TAMS 0x000000008b500000, 0x000000008b500000| Complete 
| 182|0x000000008b600000, 0x000000008b700000, 0x000000008b700000|100%| E|CS|TAMS 0x000000008b600000, 0x000000008b600000| Complete 
| 183|0x000000008b700000, 0x000000008b800000, 0x000000008b800000|100%| E|CS|TAMS 0x000000008b700000, 0x000000008b700000| Complete 
| 184|0x000000008b800000, 0x000000008b900000, 0x000000008b900000|100%| E|CS|TAMS 0x000000008b800000, 0x000000008b800000| Complete 
| 185|0x000000008b900000, 0x000000008ba00000, 0x000000008ba00000|100%| E|CS|TAMS 0x000000008b900000, 0x000000008b900000| Complete 
| 186|0x000000008ba00000, 0x000000008bb00000, 0x000000008bb00000|100%| E|CS|TAMS 0x000000008ba00000, 0x000000008ba00000| Complete 
| 187|0x000000008bb00000, 0x000000008bc00000, 0x000000008bc00000|100%| E|CS|TAMS 0x000000008bb00000, 0x000000008bb00000| Complete 
| 188|0x000000008bc00000, 0x000000008bd00000, 0x000000008bd00000|100%| E|CS|TAMS 0x000000008bc00000, 0x000000008bc00000| Complete 
| 189|0x000000008bd00000, 0x000000008be00000, 0x000000008be00000|100%| E|CS|TAMS 0x000000008bd00000, 0x000000008bd00000| Complete 
| 190|0x000000008be00000, 0x000000008bf00000, 0x000000008bf00000|100%| E|CS|TAMS 0x000000008be00000, 0x000000008be00000| Complete 
| 191|0x000000008bf00000, 0x000000008c000000, 0x000000008c000000|100%| E|CS|TAMS 0x000000008bf00000, 0x000000008bf00000| Complete 
| 192|0x000000008c000000, 0x000000008c100000, 0x000000008c100000|100%| E|CS|TAMS 0x000000008c000000, 0x000000008c000000| Complete 
| 193|0x000000008c100000, 0x000000008c200000, 0x000000008c200000|100%| E|CS|TAMS 0x000000008c100000, 0x000000008c100000| Complete 
| 194|0x000000008c200000, 0x000000008c300000, 0x000000008c300000|100%| E|CS|TAMS 0x000000008c200000, 0x000000008c200000| Complete 
| 195|0x000000008c300000, 0x000000008c400000, 0x000000008c400000|100%| E|CS|TAMS 0x000000008c300000, 0x000000008c300000| Complete 
| 196|0x000000008c400000, 0x000000008c500000, 0x000000008c500000|100%| E|CS|TAMS 0x000000008c400000, 0x000000008c400000| Complete 
| 197|0x000000008c500000, 0x000000008c600000, 0x000000008c600000|100%| E|CS|TAMS 0x000000008c500000, 0x000000008c500000| Complete 
| 198|0x000000008c600000, 0x000000008c700000, 0x000000008c700000|100%| E|CS|TAMS 0x000000008c600000, 0x000000008c600000| Complete 
| 199|0x000000008c700000, 0x000000008c800000, 0x000000008c800000|100%| E|CS|TAMS 0x000000008c700000, 0x000000008c700000| Complete 
| 200|0x000000008c800000, 0x000000008c900000, 0x000000008c900000|100%| E|CS|TAMS 0x000000008c800000, 0x000000008c800000| Complete 
| 201|0x000000008c900000, 0x000000008ca00000, 0x000000008ca00000|100%| E|CS|TAMS 0x000000008c900000, 0x000000008c900000| Complete 
| 202|0x000000008ca00000, 0x000000008cb00000, 0x000000008cb00000|100%| E|CS|TAMS 0x000000008ca00000, 0x000000008ca00000| Complete 

Card table byte_map: [0x00000202fda80000,0x00000202fde80000] _byte_map_base: 0x00000202fd680000

Marking Bits (Prev, Next): (CMBitMap*) 0x00000202f9ee9830, (CMBitMap*) 0x00000202f9ee9870
 Prev Bits: [0x000002028f000000, 0x0000020291000000)
 Next Bits: [0x0000020291000000, 0x0000020293000000)

Polling page: 0x00000202f9650000

Metaspace:

Usage:
  Non-class:     92.46 MB used.
      Class:     13.67 MB used.
       Both:    106.13 MB used.

Virtual space:
  Non-class space:       96.00 MB reserved,      92.81 MB ( 97%) committed,  12 nodes.
      Class space:        1.00 GB reserved,      13.94 MB (  1%) committed,  1 nodes.
             Both:        1.09 GB reserved,     106.75 MB ( 10%) committed. 

Chunk freelists:
   Non-Class:  3.23 MB
       Class:  2.05 MB
        Both:  5.28 MB

MaxMetaspaceSize: unlimited
CompressedClassSpaceSize: 1.00 GB
Initial GC threshold: 21.00 MB
Current GC threshold: 156.81 MB
CDS: off
MetaspaceReclaimPolicy: balanced
 - commit_granule_bytes: 65536.
 - commit_granule_words: 8192.
 - virtual_space_node_default_size: 1048576.
 - enlarge_chunks_in_place: 1.
 - new_chunks_are_fully_committed: 0.
 - uncommit_free_chunks: 1.
 - use_allocation_guard: 0.
 - handle_deallocations: 1.


Internal statistics:

num_allocs_failed_limit: 3.
num_arena_births: 724.
num_arena_deaths: 0.
num_vsnodes_births: 13.
num_vsnodes_deaths: 0.
num_space_committed: 1706.
num_space_uncommitted: 0.
num_chunks_returned_to_freelist: 3.
num_chunks_taken_from_freelist: 4225.
num_chunk_merges: 3.
num_chunk_splits: 3298.
num_chunks_enlarged: 2737.
num_purges: 0.
num_inconsistent_stats: 0.

CodeHeap 'non-profiled nmethods': size=120000Kb used=3389Kb max_used=3389Kb free=116610Kb
 bounds [0x0000020287ad0000, 0x0000020287e20000, 0x000002028f000000]
CodeHeap 'profiled nmethods': size=120000Kb used=14054Kb max_used=14054Kb free=105945Kb
 bounds [0x0000020280000000, 0x0000020280dc0000, 0x0000020287530000]
CodeHeap 'non-nmethods': size=5760Kb used=2468Kb max_used=2518Kb free=3291Kb
 bounds [0x0000020287530000, 0x00000202877b0000, 0x0000020287ad0000]
 total_blobs=8083 nmethods=7059 adapters=936
 compilation: enabled
              stopped_count=0, restarted_count=0
 full_count=0

Compilation events (20 events):
Event: 29.145 Thread 0x00000202ff820a80 8067       2       org.jetbrains.kotlin.serialization.deserialization.TypeDeserializer::toAttributes (123 bytes)
Event: 29.147 Thread 0x00000202ff820a80 nmethod 8067 0x0000020280d99390 code [0x0000020280d99660, 0x0000020280d9a038]
Event: 29.147 Thread 0x00000202ff820a80 8065       2       org.jetbrains.kotlin.serialization.deserialization.TypeDeserializer::typeConstructor (339 bytes)
Event: 29.150 Thread 0x00000202ff820a80 nmethod 8065 0x0000020280d9a790 code [0x0000020280d9aae0, 0x0000020280d9bb88]
Event: 29.150 Thread 0x00000202ff820a80 8066       2       org.jetbrains.kotlin.serialization.deserialization.TypeDeserializer$simpleType$annotations$1::<init> (16 bytes)
Event: 29.150 Thread 0x00000202ff820a80 nmethod 8066 0x0000020280d9c310 code [0x0000020280d9c4a0, 0x0000020280d9c658]
Event: 29.150 Thread 0x00000202ff820a80 8068       2       org.jetbrains.kotlin.serialization.deserialization.descriptors.DeserializedAnnotations::isEmpty (10 bytes)
Event: 29.151 Thread 0x00000202ff820a80 nmethod 8068 0x0000020280d9c710 code [0x0000020280d9c960, 0x0000020280d9ce38]
Event: 29.151 Thread 0x00000202ff820a80 8070       2       org.jetbrains.kotlin.serialization.deserialization.TypeDeserializer::simpleType (687 bytes)
Event: 29.180 Thread 0x00000202ff820a80 nmethod 8070 0x0000020280d9d190 code [0x0000020280d9dbc0, 0x0000020280da1088]
Event: 29.180 Thread 0x00000202ff820a80 8072       2       org.jetbrains.kotlin.com.intellij.openapi.vfs.impl.jar.CoreJarVirtualFile::contentsToByteArray (32 bytes)
Event: 29.180 Thread 0x00000202ff820a80 nmethod 8072 0x0000020280da3810 code [0x0000020280da39e0, 0x0000020280da3bb8]
Event: 29.180 Thread 0x00000202ff820a80 8073   !   2       org.jetbrains.kotlin.com.intellij.openapi.vfs.impl.ZipHandlerBase::contentsToByteArray (243 bytes)
Event: 29.184 Thread 0x00000202ff820a80 nmethod 8073 0x0000020280da3d10 code [0x0000020280da4080, 0x0000020280da4be8]
Event: 29.184 Thread 0x00000202ff820a80 8069       2       org.jetbrains.kotlin.serialization.deserialization.TypeDeserializer$simpleType$annotations$1::invoke (5 bytes)
Event: 29.184 Thread 0x00000202ff820a80 nmethod 8069 0x0000020280da5710 code [0x0000020280da58c0, 0x0000020280da5a28]
Event: 29.185 Thread 0x00000202ff820a80 8074       2       org.jetbrains.kotlin.descriptors.ScopesHolderForClass::getScope (76 bytes)
Event: 29.187 Thread 0x00000202ff820a80 nmethod 8074 0x0000020280da5b90 code [0x0000020280da5ec0, 0x0000020280da68e8]
Event: 29.187 Thread 0x00000202ff820a80 8071       2       org.jetbrains.kotlin.load.java.structure.impl.classFiles.BinaryJavaClass::visitField (134 bytes)
Event: 29.189 Thread 0x00000202ff820a80 nmethod 8071 0x0000020280da7010 code [0x0000020280da72c0, 0x0000020280da7ba8]

GC Heap History (20 events):
Event: 18.439 GC heap before
{Heap before GC invocations=26 (full 0):
 garbage-first heap   total 146432K, used 127106K [0x0000000080000000, 0x0000000100000000)
  region size 1024K, 47 young (48128K), 4 survivors (4096K)
 Metaspace       used 69388K, committed 70016K, reserved 1114112K
  class space    used 9548K, committed 9792K, reserved 1048576K
}
Event: 18.456 GC heap after
{Heap after GC invocations=27 (full 0):
 garbage-first heap   total 146432K, used 86459K [0x0000000080000000, 0x0000000100000000)
  region size 1024K, 6 young (6144K), 6 survivors (6144K)
 Metaspace       used 69388K, committed 70016K, reserved 1114112K
  class space    used 9548K, committed 9792K, reserved 1048576K
}
Event: 19.375 GC heap before
{Heap before GC invocations=27 (full 0):
 garbage-first heap   total 146432K, used 111035K [0x0000000080000000, 0x0000000100000000)
  region size 1024K, 31 young (31744K), 6 survivors (6144K)
 Metaspace       used 72872K, committed 73536K, reserved 1114112K
  class space    used 9953K, committed 10240K, reserved 1048576K
}
Event: 19.385 GC heap after
{Heap after GC invocations=28 (full 0):
 garbage-first heap   total 146432K, used 89267K [0x0000000080000000, 0x0000000100000000)
  region size 1024K, 3 young (3072K), 3 survivors (3072K)
 Metaspace       used 72872K, committed 73536K, reserved 1114112K
  class space    used 9953K, committed 10240K, reserved 1048576K
}
Event: 20.346 GC heap before
{Heap before GC invocations=29 (full 0):
 garbage-first heap   total 163840K, used 126131K [0x0000000080000000, 0x0000000100000000)
  region size 1024K, 33 young (33792K), 3 survivors (3072K)
 Metaspace       used 76528K, committed 77184K, reserved 1122304K
  class space    used 10324K, committed 10624K, reserved 1048576K
}
Event: 20.353 GC heap after
{Heap after GC invocations=30 (full 0):
 garbage-first heap   total 163840K, used 98226K [0x0000000080000000, 0x0000000100000000)
  region size 1024K, 5 young (5120K), 5 survivors (5120K)
 Metaspace       used 76528K, committed 77184K, reserved 1122304K
  class space    used 10324K, committed 10624K, reserved 1048576K
}
Event: 21.528 GC heap before
{Heap before GC invocations=30 (full 0):
 garbage-first heap   total 163840K, used 133042K [0x0000000080000000, 0x0000000100000000)
  region size 1024K, 39 young (39936K), 5 survivors (5120K)
 Metaspace       used 81578K, committed 82240K, reserved 1122304K
  class space    used 10854K, committed 11136K, reserved 1048576K
}
Event: 21.533 GC heap after
{Heap after GC invocations=31 (full 0):
 garbage-first heap   total 163840K, used 100177K [0x0000000080000000, 0x0000000100000000)
  region size 1024K, 2 young (2048K), 2 survivors (2048K)
 Metaspace       used 81578K, committed 82240K, reserved 1122304K
  class space    used 10854K, committed 11136K, reserved 1048576K
}
Event: 22.763 GC heap before
{Heap before GC invocations=32 (full 0):
 garbage-first heap   total 173056K, used 134993K [0x0000000080000000, 0x0000000100000000)
  region size 1024K, 36 young (36864K), 2 survivors (2048K)
 Metaspace       used 86454K, committed 87040K, reserved 1130496K
  class space    used 11474K, committed 11712K, reserved 1048576K
}
Event: 22.771 GC heap after
{Heap after GC invocations=33 (full 0):
 garbage-first heap   total 207872K, used 102388K [0x0000000080000000, 0x0000000100000000)
  region size 1024K, 5 young (5120K), 5 survivors (5120K)
 Metaspace       used 86454K, committed 87040K, reserved 1130496K
  class space    used 11474K, committed 11712K, reserved 1048576K
}
Event: 22.908 GC heap before
{Heap before GC invocations=33 (full 0):
 garbage-first heap   total 207872K, used 106484K [0x0000000080000000, 0x0000000100000000)
  region size 1024K, 10 young (10240K), 5 survivors (5120K)
 Metaspace       used 86885K, committed 87488K, reserved 1130496K
  class space    used 11520K, committed 11776K, reserved 1048576K
}
Event: 22.916 GC heap after
{Heap after GC invocations=34 (full 0):
 garbage-first heap   total 207872K, used 103199K [0x0000000080000000, 0x0000000100000000)
  region size 1024K, 5 young (5120K), 5 survivors (5120K)
 Metaspace       used 86885K, committed 87488K, reserved 1130496K
  class space    used 11520K, committed 11776K, reserved 1048576K
}
Event: 24.039 GC heap before
{Heap before GC invocations=35 (full 0):
 garbage-first heap   total 207872K, used 164639K [0x0000000080000000, 0x0000000100000000)
  region size 1024K, 64 young (65536K), 5 survivors (5120K)
 Metaspace       used 89293K, committed 89920K, reserved 1130496K
  class space    used 11782K, committed 12032K, reserved 1048576K
}
Event: 24.049 GC heap after
{Heap after GC invocations=36 (full 0):
 garbage-first heap   total 207872K, used 107437K [0x0000000080000000, 0x0000000100000000)
  region size 1024K, 8 young (8192K), 8 survivors (8192K)
 Metaspace       used 89293K, committed 89920K, reserved 1130496K
  class space    used 11782K, committed 12032K, reserved 1048576K
}
Event: 25.849 GC heap before
{Heap before GC invocations=36 (full 0):
 garbage-first heap   total 207872K, used 167853K [0x0000000080000000, 0x0000000100000000)
  region size 1024K, 67 young (68608K), 8 survivors (8192K)
 Metaspace       used 95314K, committed 95872K, reserved 1138688K
  class space    used 12438K, committed 12672K, reserved 1048576K
}
Event: 25.860 GC heap after
{Heap after GC invocations=37 (full 0):
 garbage-first heap   total 207872K, used 111490K [0x0000000080000000, 0x0000000100000000)
  region size 1024K, 9 young (9216K), 9 survivors (9216K)
 Metaspace       used 95314K, committed 95872K, reserved 1138688K
  class space    used 12438K, committed 12672K, reserved 1048576K
}
Event: 27.973 GC heap before
{Heap before GC invocations=38 (full 0):
 garbage-first heap   total 207872K, used 169858K [0x0000000080000000, 0x0000000100000000)
  region size 1024K, 66 young (67584K), 9 survivors (9216K)
 Metaspace       used 104531K, committed 105152K, reserved 1146880K
  class space    used 13541K, committed 13824K, reserved 1048576K
}
Event: 27.989 GC heap after
{Heap after GC invocations=39 (full 0):
 garbage-first heap   total 207872K, used 113350K [0x0000000080000000, 0x0000000100000000)
  region size 1024K, 7 young (7168K), 7 survivors (7168K)
 Metaspace       used 104531K, committed 105152K, reserved 1146880K
  class space    used 13541K, committed 13824K, reserved 1048576K
}
Event: 29.160 GC heap before
{Heap before GC invocations=39 (full 0):
 garbage-first heap   total 207872K, used 159430K [0x0000000080000000, 0x0000000100000000)
  region size 1024K, 53 young (54272K), 7 survivors (7168K)
 Metaspace       used 108634K, committed 109248K, reserved 1146880K
  class space    used 13998K, committed 14272K, reserved 1048576K
}
Event: 29.176 GC heap after
{Heap after GC invocations=40 (full 0):
 garbage-first heap   total 207872K, used 117034K [0x0000000080000000, 0x0000000100000000)
  region size 1024K, 6 young (6144K), 6 survivors (6144K)
 Metaspace       used 108634K, committed 109248K, reserved 1146880K
  class space    used 13998K, committed 14272K, reserved 1048576K
}

Dll operation events (2 events):
Event: 0.018 Loaded shared library C:\Program Files\Android\Android Studio\jbr\bin\java.dll
Event: 0.870 Loaded shared library C:\Program Files\Android\Android Studio\jbr\bin\verify.dll

Deoptimization events (20 events):
Event: 28.975 Thread 0x00000202953f7760 Uncommon trap: trap_request=0xffffffc6 fr.pc=0x0000020287dfcbe8 relative=0x0000000000000e48
Event: 28.975 Thread 0x00000202953f7760 Uncommon trap: reason=bimorphic_or_optimized_type_check action=maybe_recompile pc=0x0000020287dfcbe8 method=org.jetbrains.kotlin.storage.LockBasedStorageManager$MapBasedMemoizedFunction.invoke(Ljava/lang/Object;)Ljava/lang/Object; @ 34 c2
Event: 28.975 Thread 0x00000202953f7760 DEOPT PACKING pc=0x0000020287dfcbe8 sp=0x000000f66dcf6530
Event: 28.975 Thread 0x00000202953f7760 DEOPT UNPACKING pc=0x00000202875869a3 sp=0x000000f66dcf64f0 mode 2
Event: 28.976 Thread 0x00000202953f7760 Uncommon trap: trap_request=0xffffffc6 fr.pc=0x0000020287dfcbe8 relative=0x0000000000000e48
Event: 28.976 Thread 0x00000202953f7760 Uncommon trap: reason=bimorphic_or_optimized_type_check action=maybe_recompile pc=0x0000020287dfcbe8 method=org.jetbrains.kotlin.storage.LockBasedStorageManager$MapBasedMemoizedFunction.invoke(Ljava/lang/Object;)Ljava/lang/Object; @ 34 c2
Event: 28.976 Thread 0x00000202953f7760 DEOPT PACKING pc=0x0000020287dfcbe8 sp=0x000000f66dcf6530
Event: 28.976 Thread 0x00000202953f7760 DEOPT UNPACKING pc=0x00000202875869a3 sp=0x000000f66dcf64f0 mode 2
Event: 28.976 Thread 0x00000202953f7760 Uncommon trap: trap_request=0xffffffc6 fr.pc=0x0000020287dfcbe8 relative=0x0000000000000e48
Event: 28.976 Thread 0x00000202953f7760 Uncommon trap: reason=bimorphic_or_optimized_type_check action=maybe_recompile pc=0x0000020287dfcbe8 method=org.jetbrains.kotlin.storage.LockBasedStorageManager$MapBasedMemoizedFunction.invoke(Ljava/lang/Object;)Ljava/lang/Object; @ 34 c2
Event: 28.976 Thread 0x00000202953f7760 DEOPT PACKING pc=0x0000020287dfcbe8 sp=0x000000f66dcf6530
Event: 28.976 Thread 0x00000202953f7760 DEOPT UNPACKING pc=0x00000202875869a3 sp=0x000000f66dcf64f0 mode 2
Event: 29.010 Thread 0x00000202953f7760 Uncommon trap: trap_request=0xffffff45 fr.pc=0x0000020287db764c relative=0x000000000000236c
Event: 29.010 Thread 0x00000202953f7760 Uncommon trap: reason=unstable_if action=reinterpret pc=0x0000020287db764c method=org.jetbrains.kotlin.metadata.ProtoBuf$ValueParameter.getSerializedSize()I @ 132 c2
Event: 29.010 Thread 0x00000202953f7760 DEOPT PACKING pc=0x0000020287db764c sp=0x000000f66dcf5cb0
Event: 29.010 Thread 0x00000202953f7760 DEOPT UNPACKING pc=0x00000202875869a3 sp=0x000000f66dcf5b40 mode 2
Event: 29.098 Thread 0x00000202953f7760 DEOPT PACKING pc=0x00000202802119a1 sp=0x000000f66dcf45b0
Event: 29.098 Thread 0x00000202953f7760 DEOPT UNPACKING pc=0x0000020287587143 sp=0x000000f66dcf3ab8 mode 0
Event: 29.142 Thread 0x00000202953f7760 DEOPT PACKING pc=0x0000020280033cd7 sp=0x000000f66dcf3e00
Event: 29.142 Thread 0x00000202953f7760 DEOPT UNPACKING pc=0x0000020287587143 sp=0x000000f66dcf3298 mode 0

Classes unloaded (0 events):
No events

Classes redefined (0 events):
No events

Internal exceptions (20 events):
Event: 13.729 Thread 0x00000202953f7760 Exception <a 'java/lang/NoSuchMethodError'{0x00000000874d0a80}: 'long java.lang.invoke.Invokers$Holder.invoke_MT(java.lang.Object, java.lang.Object, java.lang.Object, java.lang.Object)'> (0x00000000874d0a80) 
thrown [s\src\hotspot\share\interpreter\linkResolver.cpp, line 771]
Event: 13.731 Thread 0x00000202953f7760 Exception <a 'java/lang/NoSuchMethodError'{0x00000000874d9b80}: 'int java.lang.invoke.Invokers$Holder.invoke_MT(java.lang.Object, java.lang.Object, java.lang.Object, java.lang.Object)'> (0x00000000874d9b80) 
thrown [s\src\hotspot\share\interpreter\linkResolver.cpp, line 771]
Event: 13.734 Thread 0x00000202953f7760 Exception <a 'java/lang/NoSuchMethodError'{0x00000000874eabc8}: 'int java.lang.invoke.DelegatingMethodHandle$Holder.reinvoke_L(java.lang.Object, java.lang.Object, java.lang.Object, long, int)'> (0x00000000874eabc8) 
thrown [s\src\hotspot\share\interpreter\linkResolver.cpp, line 771]
Event: 13.738 Thread 0x00000202953f7760 Exception <a 'java/lang/NoSuchMethodError'{0x00000000874fe040}: 'java.lang.Object java.lang.invoke.Invokers$Holder.invokeExact_MT(java.lang.Object, java.lang.Object, long, java.lang.Object)'> (0x00000000874fe040) 
thrown [s\src\hotspot\share\interpreter\linkResolver.cpp, line 771]
Event: 16.192 Thread 0x00000202953f7760 Exception <a 'java/lang/NoSuchMethodError'{0x000000008646f218}: 'long java.lang.invoke.DirectMethodHandle$Holder.invokeStatic(java.lang.Object)'> (0x000000008646f218) 
thrown [s\src\hotspot\share\interpreter\linkResolver.cpp, line 771]
Event: 16.192 Thread 0x00000202953f7760 Exception <a 'java/lang/NoSuchMethodError'{0x0000000086473e00}: 'long java.lang.invoke.DirectMethodHandle$Holder.invokeStaticInit(java.lang.Object)'> (0x0000000086473e00) 
thrown [s\src\hotspot\share\interpreter\linkResolver.cpp, line 771]
Event: 16.599 Thread 0x00000202953f7760 Implicit null exception at 0x0000020287c5b88c to 0x0000020287c5b9be
Event: 17.273 Thread 0x00000202953f7760 Exception <a 'java/lang/NoSuchMethodError'{0x00000000876bf610}: 'void java.lang.invoke.DirectMethodHandle$Holder.invokeVirtual(java.lang.Object, java.lang.Object)'> (0x00000000876bf610) 
thrown [s\src\hotspot\share\interpreter\linkResolver.cpp, line 771]
Event: 17.763 Thread 0x00000202953f7760 Exception <a 'java/lang/NoSuchMethodError'{0x0000000086707448}: 'java.lang.Object java.lang.invoke.Invokers$Holder.invoke_MT(java.lang.Object, java.lang.Object, java.lang.Object)'> (0x0000000086707448) 
thrown [s\src\hotspot\share\interpreter\linkResolver.cpp, line 771]
Event: 22.464 Thread 0x00000202953f7760 Exception <a 'java/lang/NoSuchMethodError'{0x0000000088fd2d10}: 'java.lang.Object java.lang.invoke.DirectMethodHandle$Holder.invokeStatic(java.lang.Object, java.lang.Object, java.lang.Object, java.lang.Object, int)'> (0x0000000088fd2d10) 
thrown [s\src\hotspot\share\interpreter\linkResolver.cpp, line 771]
Event: 22.466 Thread 0x00000202953f7760 Exception <a 'java/lang/NoSuchMethodError'{0x0000000088fdde40}: 'java.lang.Object java.lang.invoke.DirectMethodHandle$Holder.newInvokeSpecial(java.lang.Object, java.lang.Object, java.lang.Object, java.lang.Object, int)'> (0x0000000088fdde40) 
thrown [s\src\hotspot\share\interpreter\linkResolver.cpp, line 771]
Event: 22.467 Thread 0x00000202953f7760 Exception <a 'java/lang/NoSuchMethodError'{0x0000000088fe3eb0}: 'java.lang.Object java.lang.invoke.DirectMethodHandle$Holder.invokeSpecial(java.lang.Object, java.lang.Object, java.lang.Object, java.lang.Object, java.lang.Object, int)'> (0x0000000088fe3eb0) 
thrown [s\src\hotspot\share\interpreter\linkResolver.cpp, line 771]
Event: 22.467 Thread 0x00000202953f7760 Exception <a 'java/lang/NoSuchMethodError'{0x0000000088fe98d0}: 'java.lang.Object java.lang.invoke.Invokers$Holder.linkToTargetMethod(java.lang.Object, java.lang.Object, java.lang.Object, int, java.lang.Object)'> (0x0000000088fe98d0) 
thrown [s\src\hotspot\share\interpreter\linkResolver.cpp, line 771]
Event: 24.888 Thread 0x00000202953f7760 Implicit null exception at 0x0000020287b31589 to 0x0000020287b31670
Event: 25.872 Thread 0x00000202953f7760 Exception <a 'java/lang/NoSuchMethodError'{0x000000008ca46770}: 'java.lang.Object java.lang.invoke.DirectMethodHandle$Holder.newInvokeSpecial(java.lang.Object, java.lang.Object, java.lang.Object, int, int, java.lang.Object, java.lang.Object)'> (0x000000008ca46770) 
thrown [s\src\hotspot\share\interpreter\linkResolver.cpp, line 771]
Event: 28.768 Thread 0x00000202978e7d30 Exception <a 'sun/nio/fs/WindowsException'{0x000000008b6cf4a0}> (0x000000008b6cf4a0) 
thrown [s\src\hotspot\share\prims\jni.cpp, line 517]
Event: 28.780 Thread 0x00000202978e7d30 Exception <a 'sun/nio/fs/WindowsException'{0x000000008b53abd0}> (0x000000008b53abd0) 
thrown [s\src\hotspot\share\prims\jni.cpp, line 517]
Event: 28.782 Thread 0x00000202978e7d30 Exception <a 'sun/nio/fs/WindowsException'{0x000000008b53ad60}> (0x000000008b53ad60) 
thrown [s\src\hotspot\share\prims\jni.cpp, line 517]
Event: 28.924 Thread 0x00000202953f7760 Exception <a 'java/lang/NoSuchMethodError'{0x000000008b2b4820}: 'void java.lang.invoke.DirectMethodHandle$Holder.invokeInterface(java.lang.Object, java.lang.Object)'> (0x000000008b2b4820) 
thrown [s\src\hotspot\share\interpreter\linkResolver.cpp, line 771]
Event: 28.927 Thread 0x00000202953f7760 Exception <a 'java/lang/IncompatibleClassChangeError'{0x000000008b2bfdb8}: Found class java.lang.Object, but interface was expected> (0x000000008b2bfdb8) 
thrown [s\src\hotspot\share\interpreter\linkResolver.cpp, line 838]

VM Operations (20 events):
Event: 26.122 Executing VM operation: HandshakeAllThreads
Event: 26.122 Executing VM operation: HandshakeAllThreads done
Event: 26.186 Executing VM operation: HandshakeAllThreads
Event: 26.186 Executing VM operation: HandshakeAllThreads done
Event: 26.669 Executing VM operation: HandshakeAllThreads
Event: 26.669 Executing VM operation: HandshakeAllThreads done
Event: 27.673 Executing VM operation: HandshakeAllThreads
Event: 27.673 Executing VM operation: HandshakeAllThreads done
Event: 27.673 Executing VM operation: Cleanup
Event: 27.674 Executing VM operation: Cleanup done
Event: 27.696 Executing VM operation: HandshakeAllThreads
Event: 27.696 Executing VM operation: HandshakeAllThreads done
Event: 27.973 Executing VM operation: G1CollectForAllocation
Event: 27.989 Executing VM operation: G1CollectForAllocation done
Event: 28.171 Executing VM operation: HandshakeAllThreads
Event: 28.171 Executing VM operation: HandshakeAllThreads done
Event: 28.994 Executing VM operation: ICBufferFull
Event: 28.994 Executing VM operation: ICBufferFull done
Event: 29.160 Executing VM operation: G1TryInitiateConcMark
Event: 29.189 Executing VM operation: G1TryInitiateConcMark done

Events (20 events):
Event: 21.284 loading class java/util/ArrayList$ListItr
Event: 21.284 loading class java/util/ArrayList$ListItr done
Event: 21.825 loading class java/text/StringCharacterIterator
Event: 21.826 loading class java/text/CharacterIterator
Event: 21.826 loading class java/text/CharacterIterator done
Event: 21.826 loading class java/text/StringCharacterIterator done
Event: 21.929 loading class java/io/NotSerializableException
Event: 21.929 loading class java/io/NotSerializableException done
Event: 22.337 loading class java/util/function/IntUnaryOperator
Event: 22.337 loading class java/util/function/IntUnaryOperator done
Event: 22.412 loading class java/util/AbstractList$SubList
Event: 22.413 loading class java/util/AbstractList$SubList done
Event: 22.413 loading class java/util/AbstractList$SubList$1
Event: 22.413 loading class java/util/AbstractList$SubList$1 done
Event: 22.413 loading class java/util/AbstractList$ListItr
Event: 22.413 loading class java/util/AbstractList$ListItr done
Event: 24.254 loading class java/util/AbstractList$RandomAccessSubList
Event: 24.255 loading class java/util/AbstractList$RandomAccessSubList done
Event: 28.706 loading class java/lang/Byte$ByteCache
Event: 28.706 loading class java/lang/Byte$ByteCache done


Dynamic libraries:
0x00007ff6bcd40000 - 0x00007ff6bcd4a000 	C:\Program Files\Android\Android Studio\jbr\bin\java.exe
0x00007ffa0dbd0000 - 0x00007ffa0dde7000 	C:\WINDOWS\SYSTEM32\ntdll.dll
0x00007ffa0cb10000 - 0x00007ffa0cbd4000 	C:\WINDOWS\System32\KERNEL32.DLL
0x00007ffa0af40000 - 0x00007ffa0b2e6000 	C:\WINDOWS\System32\KERNELBASE.dll
0x00007ffa0b3e0000 - 0x00007ffa0b4f1000 	C:\WINDOWS\System32\ucrtbase.dll
0x00007ffa01310000 - 0x00007ffa0132b000 	C:\Program Files\Android\Android Studio\jbr\bin\VCRUNTIME140.dll
0x00007ff9f31a0000 - 0x00007ff9f31b7000 	C:\Program Files\Android\Android Studio\jbr\bin\jli.dll
0x00007ffa0ce10000 - 0x00007ffa0cfbe000 	C:\WINDOWS\System32\USER32.dll
0x00007ff9ec890000 - 0x00007ff9ecb23000 	C:\WINDOWS\WinSxS\amd64_microsoft.windows.common-controls_6595b64144ccf1df_6.0.22621.2506_none_270c5ae97388e100\COMCTL32.dll
0x00007ffa0af10000 - 0x00007ffa0af36000 	C:\WINDOWS\System32\win32u.dll
0x00007ffa0b950000 - 0x00007ffa0b9f7000 	C:\WINDOWS\System32\msvcrt.dll
0x00007ffa0d400000 - 0x00007ffa0d429000 	C:\WINDOWS\System32\GDI32.dll
0x00007ffa0b610000 - 0x00007ffa0b728000 	C:\WINDOWS\System32\gdi32full.dll
0x00007ffa0b570000 - 0x00007ffa0b60a000 	C:\WINDOWS\System32\msvcp_win.dll
0x00007ffa0d3c0000 - 0x00007ffa0d3f1000 	C:\WINDOWS\System32\IMM32.DLL
0x00007ffa04ce0000 - 0x00007ffa04cec000 	C:\Program Files\Android\Android Studio\jbr\bin\vcruntime140_1.dll
0x00007ff9e7840000 - 0x00007ff9e78cd000 	C:\Program Files\Android\Android Studio\jbr\bin\msvcp140.dll
0x00007ff9a9890000 - 0x00007ff9aa4fe000 	C:\Program Files\Android\Android Studio\jbr\bin\server\jvm.dll
0x00007ffa0d430000 - 0x00007ffa0d4e3000 	C:\WINDOWS\System32\ADVAPI32.dll
0x00007ffa0d210000 - 0x00007ffa0d2b8000 	C:\WINDOWS\System32\sechost.dll
0x00007ffa0b2f0000 - 0x00007ffa0b318000 	C:\WINDOWS\System32\bcrypt.dll
0x00007ffa0c840000 - 0x00007ffa0c957000 	C:\WINDOWS\System32\RPCRT4.dll
0x00007ffa023a0000 - 0x00007ffa023aa000 	C:\WINDOWS\SYSTEM32\VERSION.dll
0x00007ffa07ae0000 - 0x00007ffa07b14000 	C:\WINDOWS\SYSTEM32\WINMM.dll
0x00007ffa04b70000 - 0x00007ffa04b79000 	C:\WINDOWS\SYSTEM32\WSOCK32.dll
0x00007ffa0d4f0000 - 0x00007ffa0d561000 	C:\WINDOWS\System32\WS2_32.dll
0x00007ffa09f10000 - 0x00007ffa09f28000 	C:\WINDOWS\SYSTEM32\kernel.appcore.dll
0x00007ffa02760000 - 0x00007ffa0276a000 	C:\Program Files\Android\Android Studio\jbr\bin\jimage.dll
0x00007ffa08380000 - 0x00007ffa085b3000 	C:\WINDOWS\SYSTEM32\DBGHELP.DLL
0x00007ffa0d620000 - 0x00007ffa0d9a9000 	C:\WINDOWS\System32\combase.dll
0x00007ffa0d9b0000 - 0x00007ffa0da87000 	C:\WINDOWS\System32\OLEAUT32.dll
0x00007ffa025f0000 - 0x00007ffa02622000 	C:\WINDOWS\SYSTEM32\dbgcore.DLL
0x00007ffa0b730000 - 0x00007ffa0b7aa000 	C:\WINDOWS\System32\bcryptPrimitives.dll
0x00007ff9ff080000 - 0x00007ff9ff0a5000 	C:\Program Files\Android\Android Studio\jbr\bin\java.dll
0x00007ff9fa560000 - 0x00007ff9fa578000 	C:\Program Files\Android\Android Studio\jbr\bin\zip.dll
0x00007ffa0bfd0000 - 0x00007ffa0c82a000 	C:\WINDOWS\System32\SHELL32.dll
0x00007ffa08e10000 - 0x00007ffa09706000 	C:\WINDOWS\SYSTEM32\windows.storage.dll
0x00007ffa08cd0000 - 0x00007ffa08e0e000 	C:\WINDOWS\SYSTEM32\wintypes.dll
0x00007ffa0d2c0000 - 0x00007ffa0d3b3000 	C:\WINDOWS\System32\SHCORE.dll
0x00007ffa0cce0000 - 0x00007ffa0cd3e000 	C:\WINDOWS\System32\shlwapi.dll
0x00007ffa0ae40000 - 0x00007ffa0ae66000 	C:\WINDOWS\SYSTEM32\profapi.dll
0x00007ff9fa540000 - 0x00007ff9fa559000 	C:\Program Files\Android\Android Studio\jbr\bin\net.dll
0x00007ffa03e40000 - 0x00007ffa03f77000 	C:\WINDOWS\SYSTEM32\WINHTTP.dll
0x00007ffa0a3a0000 - 0x00007ffa0a409000 	C:\WINDOWS\system32\mswsock.dll
0x00007ff9f5a00000 - 0x00007ff9f5a16000 	C:\Program Files\Android\Android Studio\jbr\bin\nio.dll
0x00007ffa02750000 - 0x00007ffa02760000 	C:\Program Files\Android\Android Studio\jbr\bin\verify.dll
0x00007ff9f5bb0000 - 0x00007ff9f5bd7000 	C:\Users\Nikk0Nikk0Ni\.gradle\native\68d5fa5c4cc2d200863cafc0d521ce42e7d3e7ee720ec0a83991735586a16f82\windows-amd64\native-platform.dll
0x00007ff9d26e0000 - 0x00007ff9d2824000 	C:\Users\Nikk0Nikk0Ni\.gradle\native\e376f236ea51e6404a007f0833ffe2c6e607c4080706a723a18a27aeea778392\windows-amd64\native-platform-file-events.dll
0x00007ff9f59f0000 - 0x00007ff9f59f9000 	C:\Program Files\Android\Android Studio\jbr\bin\management.dll
0x00007ff9f3430000 - 0x00007ff9f343b000 	C:\Program Files\Android\Android Studio\jbr\bin\management_ext.dll
0x00007ffa0ccb0000 - 0x00007ffa0ccb8000 	C:\WINDOWS\System32\PSAPI.DLL
0x00007ffa0a610000 - 0x00007ffa0a62b000 	C:\WINDOWS\SYSTEM32\CRYPTSP.dll
0x00007ffa09e70000 - 0x00007ffa09ea5000 	C:\WINDOWS\system32\rsaenh.dll
0x00007ffa0a4b0000 - 0x00007ffa0a4dc000 	C:\WINDOWS\SYSTEM32\USERENV.dll
0x00007ffa0a630000 - 0x00007ffa0a63c000 	C:\WINDOWS\SYSTEM32\CRYPTBASE.dll
0x00007ffa099b0000 - 0x00007ffa099dd000 	C:\WINDOWS\SYSTEM32\IPHLPAPI.DLL
0x00007ffa0c830000 - 0x00007ffa0c839000 	C:\WINDOWS\System32\NSI.dll
0x00007ffa04bd0000 - 0x00007ffa04be9000 	C:\WINDOWS\SYSTEM32\dhcpcsvc6.DLL
0x00007ffa04130000 - 0x00007ffa0414f000 	C:\WINDOWS\SYSTEM32\dhcpcsvc.DLL
0x00007ffa099e0000 - 0x00007ffa09ad9000 	C:\WINDOWS\SYSTEM32\DNSAPI.dll
0x00007ff9f57d0000 - 0x00007ff9f57d8000 	C:\WINDOWS\system32\wshunix.dll

dbghelp: loaded successfully - version: 4.0.5 - missing functions: none
symbol engine: initialized successfully - sym options: 0x614 - pdb path: .;C:\Program Files\Android\Android Studio\jbr\bin;C:\WINDOWS\SYSTEM32;C:\WINDOWS\WinSxS\amd64_microsoft.windows.common-controls_6595b64144ccf1df_6.0.22621.2506_none_270c5ae97388e100;C:\Program Files\Android\Android Studio\jbr\bin\server;C:\Users\Nikk0Nikk0Ni\.gradle\native\68d5fa5c4cc2d200863cafc0d521ce42e7d3e7ee720ec0a83991735586a16f82\windows-amd64;C:\Users\Nikk0Nikk0Ni\.gradle\native\e376f236ea51e6404a007f0833ffe2c6e607c4080706a723a18a27aeea778392\windows-amd64

VM Arguments:
jvm_args: --add-opens=java.base/java.util=ALL-UNNAMED --add-opens=java.base/java.lang=ALL-UNNAMED --add-opens=java.base/java.lang.invoke=ALL-UNNAMED --add-opens=java.prefs/java.util.prefs=ALL-UNNAMED --add-opens=java.base/java.nio.charset=ALL-UNNAMED --add-opens=java.base/java.net=ALL-UNNAMED --add-opens=java.base/java.util.concurrent.atomic=ALL-UNNAMED -Xmx2048m -Dfile.encoding=UTF-8 -Duser.country=RU -Duser.language=ru -Duser.variant 
java_command: org.gradle.launcher.daemon.bootstrap.GradleDaemon 8.0
java_class_path (initial): C:\Users\Nikk0Nikk0Ni\.gradle\wrapper\dists\gradle-8.0-bin\ca5e32bp14vu59qr306oxotwh\gradle-8.0\lib\gradle-launcher-8.0.jar
Launcher Type: SUN_STANDARD

[Global flags]
     intx CICompilerCount                          = 4                                         {product} {ergonomic}
     uint ConcGCThreads                            = 2                                         {product} {ergonomic}
     uint G1ConcRefinementThreads                  = 8                                         {product} {ergonomic}
   size_t G1HeapRegionSize                         = 1048576                                   {product} {ergonomic}
    uintx GCDrainStackTargetSize                   = 64                                        {product} {ergonomic}
   size_t InitialHeapSize                          = 117440512                                 {product} {ergonomic}
   size_t MarkStackSize                            = 4194304                                   {product} {ergonomic}
   size_t MaxHeapSize                              = 2147483648                                {product} {command line}
   size_t MaxNewSize                               = 1287651328                                {product} {ergonomic}
   size_t MinHeapDeltaBytes                        = 1048576                                   {product} {ergonomic}
   size_t MinHeapSize                              = 8388608                                   {product} {ergonomic}
    uintx NonNMethodCodeHeapSize                   = 5839372                                {pd product} {ergonomic}
    uintx NonProfiledCodeHeapSize                  = 122909434                              {pd product} {ergonomic}
    uintx ProfiledCodeHeapSize                     = 122909434                              {pd product} {ergonomic}
    uintx ReservedCodeCacheSize                    = 251658240                              {pd product} {ergonomic}
     bool SegmentedCodeCache                       = true                                      {product} {ergonomic}
   size_t SoftMaxHeapSize                          = 2147483648                             {manageable} {ergonomic}
     bool UseCompressedClassPointers               = true                           {product lp64_product} {ergonomic}
     bool UseCompressedOops                        = true                           {product lp64_product} {ergonomic}
     bool UseG1GC                                  = true                                      {product} {ergonomic}
     bool UseLargePagesIndividualAllocation        = false                                  {pd product} {ergonomic}

Logging:
Log output configuration:
 #0: stdout all=warning uptime,level,tags
 #1: stderr all=off uptime,level,tags

Environment Variables:
PATH=C:\Program Files\Common Files\Oracle\Java\javapath;C:\WINDOWS\system32;C:\WINDOWS;C:\WINDOWS\System32\Wbem;C:\WINDOWS\System32\WindowsPowerShell\v1.0\;C:\WINDOWS\System32\OpenSSH\;C:\Program Files\Microsoft SQL Server\150\Tools\Binn\;C:\Program Files\Git\cmd;C:\Users\Nikk0Nikk0Ni\AppData\Local\Microsoft\WindowsApps;D:\Program Files\IntelliJ IDEA Community Edition 2022.3.1\bin;;
USERNAME=Nikk0Nikk0Ni
OS=Windows_NT
PROCESSOR_IDENTIFIER=AMD64 Family 23 Model 24 Stepping 1, AuthenticAMD
TMP=C:\Users\NIKK0N~1\AppData\Local\Temp
TEMP=C:\Users\NIKK0N~1\AppData\Local\Temp


JNI global refs:
JNI global refs: 26, weak refs: 23

JNI global refs memory usage: 843, weak refs: 841


---------------  S Y S T E M  ---------------

OS:
 Windows 11 , 64 bit Build 22621 (10.0.22621.2506)
OS uptime: 44 days 1:42 hours
Hyper-V role detected

CPU: total 8 (initial active 8) (8 cores per cpu, 2 threads per core) family 23 model 24 stepping 1 microcode 0x0, cx8, cmov, fxsr, ht, mmx, 3dnowpref, sse, sse2, sse3, ssse3, sse4a, sse4.1, sse4.2, popcnt, lzcnt, tsc, tscinvbit, avx, avx2, aes, clmul, bmi1, bmi2, adx, sha, fma, vzeroupper, clflush, clflushopt, hv

Memory: 4k page, system-wide physical 7103M (212M free)
TotalPageFile size 25389M (AvailPageFile size 4M)
current process WorkingSet (physical memory assigned to process): 460M, peak: 460M
current process commit charge ("private bytes"): 493M, peak: 524M

vm_info: OpenJDK 64-Bit Server VM (17.0.6+0-b2043.56-10027231) for windows-amd64 JRE (17.0.6+0-b2043.56-10027231), built on Apr 28 2023 00:43:19 by "androidbuild" with MS VC++ 16.10 / 16.11 (VS2019)

END.
